{"C:\\Users\\andre\\Documents\\MyNodeProject\\app.js": {"path":"C:\\Users\\andre\\Documents\\MyNodeProject\\app.js","statementMap":{"0":{"start":{"line":1,"column":17},"end":{"line":1,"column":36}},"1":{"start":{"line":2,"column":16},"end":{"line":2,"column":34}},"2":{"start":{"line":3,"column":19},"end":{"line":3,"column":49}},"3":{"start":{"line":4,"column":0},"end":{"line":4,"column":27}},"4":{"start":{"line":6,"column":12},"end":{"line":6,"column":21}},"5":{"start":{"line":7,"column":0},"end":{"line":7,"column":24}},"6":{"start":{"line":9,"column":0},"end":{"line":14,"column":73}},"7":{"start":{"line":13,"column":16},"end":{"line":13,"column":52}},"8":{"start":{"line":14,"column":22},"end":{"line":14,"column":71}},"9":{"start":{"line":16,"column":0},"end":{"line":16,"column":30}},"10":{"start":{"line":18,"column":13},"end":{"line":18,"column":37}},"11":{"start":{"line":19,"column":0},"end":{"line":21,"column":3}},"12":{"start":{"line":20,"column":4},"end":{"line":20,"column":53}},"13":{"start":{"line":23,"column":0},"end":{"line":23,"column":21}}},"fnMap":{"0":{"name":"(anonymous_0)","decl":{"start":{"line":13,"column":10},"end":{"line":13,"column":11}},"loc":{"start":{"line":13,"column":16},"end":{"line":13,"column":52}},"line":13},"1":{"name":"(anonymous_1)","decl":{"start":{"line":14,"column":11},"end":{"line":14,"column":12}},"loc":{"start":{"line":14,"column":22},"end":{"line":14,"column":71}},"line":14},"2":{"name":"(anonymous_2)","decl":{"start":{"line":19,"column":17},"end":{"line":19,"column":18}},"loc":{"start":{"line":19,"column":23},"end":{"line":21,"column":1}},"line":19}},"branchMap":{"0":{"loc":{"start":{"line":9,"column":17},"end":{"line":9,"column":82}},"type":"binary-expr","locations":[{"start":{"line":9,"column":17},"end":{"line":9,"column":40}},{"start":{"line":9,"column":44},"end":{"line":9,"column":82}}],"line":9},"1":{"loc":{"start":{"line":18,"column":13},"end":{"line":18,"column":37}},"type":"binary-expr","locations":[{"start":{"line":18,"column":13},"end":{"line":18,"column":29}},{"start":{"line":18,"column":33},"end":{"line":18,"column":37}}],"line":18}},"s":{"0":1,"1":1,"2":1,"3":1,"4":1,"5":1,"6":1,"7":1,"8":0,"9":1,"10":1,"11":1,"12":0,"13":1},"f":{"0":1,"1":0,"2":0},"b":{"0":[1,1],"1":[1,1]},"_coverageSchema":"1a1c01bbd47fc00a2c39e90264f33305004495a9","hash":"73b131dc3202ef3ff3be0a39499b37c056369c1a"}
,"C:\\Users\\andre\\Documents\\MyNodeProject\\controllers\\userController.js": {"path":"C:\\Users\\andre\\Documents\\MyNodeProject\\controllers\\userController.js","statementMap":{"0":{"start":{"line":1,"column":13},"end":{"line":1,"column":41}},"1":{"start":{"line":4,"column":0},"end":{"line":12,"column":2}},"2":{"start":{"line":5,"column":4},"end":{"line":11,"column":5}},"3":{"start":{"line":6,"column":21},"end":{"line":6,"column":39}},"4":{"start":{"line":7,"column":8},"end":{"line":7,"column":26}},"5":{"start":{"line":8,"column":8},"end":{"line":8,"column":75}},"6":{"start":{"line":10,"column":8},"end":{"line":10,"column":77}},"7":{"start":{"line":15,"column":0},"end":{"line":23,"column":2}},"8":{"start":{"line":16,"column":4},"end":{"line":22,"column":5}},"9":{"start":{"line":17,"column":21},"end":{"line":17,"column":55}},"10":{"start":{"line":18,"column":8},"end":{"line":18,"column":78}},"11":{"start":{"line":18,"column":19},"end":{"line":18,"column":78}},"12":{"start":{"line":19,"column":8},"end":{"line":19,"column":35}},"13":{"start":{"line":21,"column":8},"end":{"line":21,"column":79}},"14":{"start":{"line":26,"column":0},"end":{"line":33,"column":2}},"15":{"start":{"line":27,"column":4},"end":{"line":32,"column":5}},"16":{"start":{"line":28,"column":22},"end":{"line":28,"column":39}},"17":{"start":{"line":29,"column":8},"end":{"line":29,"column":36}},"18":{"start":{"line":31,"column":8},"end":{"line":31,"column":80}},"19":{"start":{"line":36,"column":0},"end":{"line":44,"column":2}},"20":{"start":{"line":37,"column":4},"end":{"line":43,"column":5}},"21":{"start":{"line":38,"column":21},"end":{"line":38,"column":110}},"22":{"start":{"line":39,"column":8},"end":{"line":39,"column":78}},"23":{"start":{"line":39,"column":19},"end":{"line":39,"column":78}},"24":{"start":{"line":40,"column":8},"end":{"line":40,"column":77}},"25":{"start":{"line":42,"column":8},"end":{"line":42,"column":79}},"26":{"start":{"line":47,"column":0},"end":{"line":55,"column":2}},"27":{"start":{"line":48,"column":4},"end":{"line":54,"column":5}},"28":{"start":{"line":49,"column":21},"end":{"line":49,"column":64}},"29":{"start":{"line":50,"column":8},"end":{"line":50,"column":78}},"30":{"start":{"line":50,"column":19},"end":{"line":50,"column":78}},"31":{"start":{"line":51,"column":8},"end":{"line":51,"column":71}},"32":{"start":{"line":53,"column":8},"end":{"line":53,"column":79}}},"fnMap":{"0":{"name":"(anonymous_0)","decl":{"start":{"line":4,"column":24},"end":{"line":4,"column":25}},"loc":{"start":{"line":4,"column":44},"end":{"line":12,"column":1}},"line":4},"1":{"name":"(anonymous_1)","decl":{"start":{"line":15,"column":22},"end":{"line":15,"column":23}},"loc":{"start":{"line":15,"column":42},"end":{"line":23,"column":1}},"line":15},"2":{"name":"(anonymous_2)","decl":{"start":{"line":26,"column":22},"end":{"line":26,"column":23}},"loc":{"start":{"line":26,"column":42},"end":{"line":33,"column":1}},"line":26},"3":{"name":"(anonymous_3)","decl":{"start":{"line":36,"column":21},"end":{"line":36,"column":22}},"loc":{"start":{"line":36,"column":41},"end":{"line":44,"column":1}},"line":36},"4":{"name":"(anonymous_4)","decl":{"start":{"line":47,"column":21},"end":{"line":47,"column":22}},"loc":{"start":{"line":47,"column":41},"end":{"line":55,"column":1}},"line":47}},"branchMap":{"0":{"loc":{"start":{"line":18,"column":8},"end":{"line":18,"column":78}},"type":"if","locations":[{"start":{"line":18,"column":8},"end":{"line":18,"column":78}},{"start":{},"end":{}}],"line":18},"1":{"loc":{"start":{"line":39,"column":8},"end":{"line":39,"column":78}},"type":"if","locations":[{"start":{"line":39,"column":8},"end":{"line":39,"column":78}},{"start":{},"end":{}}],"line":39},"2":{"loc":{"start":{"line":50,"column":8},"end":{"line":50,"column":78}},"type":"if","locations":[{"start":{"line":50,"column":8},"end":{"line":50,"column":78}},{"start":{},"end":{}}],"line":50}},"s":{"0":1,"1":1,"2":0,"3":0,"4":0,"5":0,"6":0,"7":1,"8":0,"9":0,"10":0,"11":0,"12":0,"13":0,"14":1,"15":1,"16":1,"17":1,"18":0,"19":1,"20":0,"21":0,"22":0,"23":0,"24":0,"25":0,"26":1,"27":0,"28":0,"29":0,"30":0,"31":0,"32":0},"f":{"0":0,"1":0,"2":1,"3":0,"4":0},"b":{"0":[0,0],"1":[0,0],"2":[0,0]},"_coverageSchema":"1a1c01bbd47fc00a2c39e90264f33305004495a9","hash":"e107ae1d3afedd1dd302183e93ac71daa2ef8592"}
,"C:\\Users\\andre\\Documents\\MyNodeProject\\models\\user.js": {"path":"C:\\Users\\andre\\Documents\\MyNodeProject\\models\\user.js","statementMap":{"0":{"start":{"line":1,"column":17},"end":{"line":1,"column":36}},"1":{"start":{"line":3,"column":19},"end":{"line":7,"column":2}},"2":{"start":{"line":9,"column":13},"end":{"line":9,"column":47}},"3":{"start":{"line":11,"column":0},"end":{"line":11,"column":22}}},"fnMap":{},"branchMap":{},"s":{"0":1,"1":1,"2":1,"3":1},"f":{},"b":{},"_coverageSchema":"1a1c01bbd47fc00a2c39e90264f33305004495a9","hash":"2ace56f33b6cb9ad1563cd7841e84368138f24ce"}
,"C:\\Users\\andre\\Documents\\MyNodeProject\\routes\\userRoutes.js": {"path":"C:\\Users\\andre\\Documents\\MyNodeProject\\routes\\userRoutes.js","statementMap":{"0":{"start":{"line":1,"column":16},"end":{"line":1,"column":34}},"1":{"start":{"line":2,"column":76},"end":{"line":2,"column":119}},"2":{"start":{"line":3,"column":15},"end":{"line":3,"column":31}},"3":{"start":{"line":6,"column":0},"end":{"line":6,"column":32}},"4":{"start":{"line":7,"column":0},"end":{"line":7,"column":29}},"5":{"start":{"line":8,"column":0},"end":{"line":8,"column":32}},"6":{"start":{"line":9,"column":0},"end":{"line":9,"column":31}},"7":{"start":{"line":10,"column":0},"end":{"line":10,"column":34}},"8":{"start":{"line":12,"column":0},"end":{"line":12,"column":24}}},"fnMap":{},"branchMap":{},"s":{"0":1,"1":1,"2":1,"3":1,"4":1,"5":1,"6":1,"7":1,"8":1},"f":{},"b":{},"_coverageSchema":"1a1c01bbd47fc00a2c39e90264f33305004495a9","hash":"37cbb64436579e9240e68c28432356d2b9e7e511"}
}
